TN:
SF:lib/utils.ts
FN:4,cn
FNF:1
FNH:0
FNDA:0,cn
DA:5,0
LF:1
LH:0
BRF:0
BRH:0
end_of_record
TN:
SF:lib/auth/auth-cookies.ts
FN:13,cookieHeaderValueByName
FN:32,getAccessTokenFromRequestCookie
FN:36,getRefreshTokenFromRequestCookie
FN:40,setAuthCookies
FN:58,clearAuthCookies
FNF:5
FNH:3
FNDA:5,cookieHeaderValueByName
FNDA:3,getAccessTokenFromRequestCookie
FNDA:2,getRefreshTokenFromRequestCookie
FNDA:0,setAuthCookies
FNDA:0,clearAuthCookies
DA:3,1
DA:4,1
DA:14,5
DA:16,5
DA:17,5
DA:18,6
DA:19,6
DA:20,3
DA:21,3
DA:22,3
DA:23,3
DA:25,0
DA:29,2
DA:33,3
DA:37,2
DA:41,0
DA:49,0
DA:59,0
DA:66,0
LF:19
LH:14
BRDA:14,0,0,0
BRDA:14,0,1,5
BRDA:19,1,0,3
BRDA:19,1,1,3
BRDA:21,2,0,0
BRDA:21,2,1,3
BRF:6
BRH:4
end_of_record
TN:
SF:lib/auth/bearer.ts
FN:1,getBearerToken
FNF:1
FNH:0
FNDA:0,getBearerToken
DA:2,0
DA:3,0
DA:4,0
DA:5,0
LF:4
LH:0
BRDA:3,0,0,0
BRDA:3,0,1,0
BRDA:5,1,0,0
BRDA:5,1,1,0
BRF:4
BRH:0
end_of_record
TN:
SF:lib/auth/jwt.ts
FN:10,accessSecret
FN:22,signAccessToken
FN:36,verifyAccessToken
FNF:3
FNH:0
FNDA:0,accessSecret
FNDA:0,signAccessToken
FNDA:0,verifyAccessToken
DA:11,0
DA:12,0
DA:13,0
DA:19,0
DA:24,0
DA:26,0
DA:37,0
DA:39,0
DA:40,0
DA:43,0
DA:44,0
DA:45,0
DA:46,0
DA:48,0
DA:50,0
LF:15
LH:0
BRDA:12,0,0,0
BRDA:12,0,1,0
BRDA:12,1,0,0
BRDA:12,1,1,0
BRDA:24,2,0,0
BRDA:24,2,1,0
BRDA:45,3,0,0
BRDA:45,3,1,0
BRDA:45,4,0,0
BRDA:45,4,1,0
BRF:10
BRH:0
end_of_record
TN:
SF:lib/auth/letter-tone-tier.ts
FN:14,requireUserTier
FN:22,applyTierToLetterDraftTone
FN:28,applyTierToLetterDraftOutputLanguage
FN:35,applyTierRestrictionsToLetterDraft
FNF:4
FNH:0
FNDA:0,requireUserTier
FNDA:0,applyTierToLetterDraftTone
FNDA:0,applyTierToLetterDraftOutputLanguage
FNDA:0,applyTierRestrictionsToLetterDraft
DA:9,0
DA:12,0
DA:15,0
DA:16,0
DA:17,0
DA:19,0
DA:23,0
DA:24,0
DA:25,0
DA:29,0
DA:30,0
DA:31,0
DA:36,0
LF:13
LH:0
BRDA:16,0,0,0
BRDA:16,0,1,0
BRDA:23,1,0,0
BRDA:23,1,1,0
BRDA:24,2,0,0
BRDA:24,2,1,0
BRDA:29,3,0,0
BRDA:29,3,1,0
BRDA:30,4,0,0
BRDA:30,4,1,0
BRF:10
BRH:0
end_of_record
TN:
SF:lib/auth/password.ts
FN:5,hashPassword
FN:9,verifyPassword
FNF:2
FNH:0
FNDA:0,hashPassword
FNDA:0,verifyPassword
DA:3,0
DA:6,0
DA:10,0
LF:3
LH:0
BRF:0
BRH:0
end_of_record
TN:
SF:lib/auth/refresh-token.ts
FN:3,createOpaqueRefreshToken
FN:7,hashRefreshToken
FNF:2
FNH:0
FNDA:0,createOpaqueRefreshToken
FNDA:0,hashRefreshToken
DA:4,0
DA:8,0
LF:2
LH:0
BRF:0
BRH:0
end_of_record
TN:
SF:lib/auth/require-auth.ts
FN:6,requireAuth
FNF:1
FNH:0
FNDA:0,requireAuth
DA:7,0
DA:8,0
DA:9,0
DA:11,0
LF:4
LH:0
BRDA:7,0,0,0
BRDA:7,0,1,0
BRDA:8,1,0,0
BRDA:8,1,1,0
BRF:4
BRH:0
end_of_record
TN:
SF:lib/auth/session.ts
FN:16,computeExpiresInSeconds
FN:23,issueTokenPair
FN:44,rotateRefreshToken
FN:62,revokeRefreshToken
FNF:4
FNH:0
FNDA:0,computeExpiresInSeconds
FNDA:0,issueTokenPair
FNDA:0,rotateRefreshToken
FNDA:0,revokeRefreshToken
DA:14,0
DA:17,0
DA:18,0
DA:19,0
DA:20,0
DA:24,0
DA:25,0
DA:26,0
DA:27,0
DA:28,0
DA:30,0
DA:36,0
DA:45,0
DA:46,0
DA:48,0
DA:50,0
DA:51,0
DA:53,0
DA:54,0
DA:57,0
DA:59,0
DA:63,0
DA:64,0
DA:65,0
LF:24
LH:0
BRDA:18,0,0,0
BRDA:18,0,1,0
BRDA:50,1,0,0
BRDA:50,1,1,0
BRDA:50,2,0,0
BRDA:50,2,1,0
BRDA:53,3,0,0
BRDA:53,3,1,0
BRF:8
BRH:0
end_of_record
TN:
SF:lib/auth/user-tier.ts
FN:21,isUserTierId
FN:25,parseUserTier
FNF:2
FNH:0
FNDA:0,isUserTierId
FNDA:0,parseUserTier
DA:1,0
DA:8,0
DA:22,0
DA:26,0
DA:27,0
LF:5
LH:0
BRDA:22,0,0,0
BRDA:22,0,1,0
BRDA:26,1,0,0
BRDA:26,1,1,0
BRDA:26,2,0,0
BRDA:26,2,1,0
BRF:6
BRH:0
end_of_record
TN:
SF:lib/client/auth-http-error.ts
FN:8,(anonymous_0)
FN:38,validationDescription
FN:58,toastAuthHttpFailure
FN:97,toastAuthCaughtError
FNF:4
FNH:0
FNDA:0,(anonymous_0)
FNDA:0,validationDescription
FNDA:0,toastAuthHttpFailure
FNDA:0,toastAuthCaughtError
DA:9,0
DA:10,0
DA:11,0
DA:12,0
DA:27,0
DA:39,0
DA:40,0
DA:41,0
DA:47,0
DA:48,0
DA:49,0
DA:50,0
DA:52,0
DA:53,0
DA:55,0
DA:59,0
DA:60,0
DA:62,0
DA:63,0
DA:69,0
DA:72,0
DA:77,0
DA:79,0
DA:80,0
DA:81,0
DA:82,0
DA:83,0
DA:84,0
DA:85,0
DA:86,0
DA:87,0
DA:90,0
DA:91,0
DA:93,0
DA:98,0
DA:99,0
DA:100,0
DA:102,0
LF:38
LH:0
BRDA:39,0,0,0
BRDA:39,0,1,0
BRDA:47,1,0,0
BRDA:47,1,1,0
BRDA:48,2,0,0
BRDA:48,2,1,0
BRDA:49,3,0,0
BRDA:49,3,1,0
BRDA:52,4,0,0
BRDA:52,4,1,0
BRDA:53,5,0,0
BRDA:53,5,1,0
BRDA:62,6,0,0
BRDA:62,6,1,0
BRDA:63,7,0,0
BRDA:63,7,1,0
BRDA:65,8,0,0
BRDA:65,8,1,0
BRDA:72,9,0,0
BRDA:72,9,1,0
BRDA:72,9,2,0
BRDA:72,9,3,0
BRDA:75,10,0,0
BRDA:75,10,1,0
BRDA:79,11,0,0
BRDA:79,11,1,0
BRDA:79,12,0,0
BRDA:79,12,1,0
BRDA:81,13,0,0
BRDA:81,13,1,0
BRDA:81,14,0,0
BRDA:81,14,1,0
BRDA:82,15,0,0
BRDA:82,15,1,0
BRDA:84,16,0,0
BRDA:84,16,1,0
BRDA:86,17,0,0
BRDA:86,17,1,0
BRDA:86,18,0,0
BRDA:86,18,1,0
BRDA:90,19,0,0
BRDA:90,19,1,0
BRDA:91,20,0,0
BRDA:91,20,1,0
BRDA:98,21,0,0
BRDA:98,21,1,0
BRDA:103,22,0,0
BRDA:103,22,1,0
BRF:48
BRH:0
end_of_record
TN:
SF:lib/client/jwt-exp.ts
FN:1,base64UrlToPayloadJson
FN:8,decodeJwtExpiryUnix
FN:19,accessTokenExpiresWithin
FNF:3
FNH:3
FNDA:4,base64UrlToPayloadJson
FNDA:5,decodeJwtExpiryUnix
FNDA:2,accessTokenExpiresWithin
DA:2,4
DA:3,4
DA:4,4
DA:9,5
DA:10,5
DA:11,5
DA:12,4
DA:13,4
DA:15,0
DA:20,2
DA:21,2
DA:22,2
DA:23,2
LF:13
LH:12
BRDA:4,0,0,4
BRDA:4,0,1,0
BRDA:11,1,0,1
BRDA:11,1,1,4
BRDA:13,2,0,3
BRDA:13,2,1,1
BRDA:21,3,0,0
BRDA:21,3,1,2
BRF:8
BRH:6
end_of_record
TN:
SF:lib/client/landing-section-scroll.ts
FN:6,isLandingSectionId
FN:10,rememberLandingSectionScroll
FN:18,takeLandingSectionScroll
FN:29,scrollToLandingSection
FNF:4
FNH:0
FNDA:0,isLandingSectionId
FNDA:0,rememberLandingSectionScroll
FNDA:0,takeLandingSectionScroll
FNDA:0,scrollToLandingSection
DA:1,0
DA:4,0
DA:7,0
DA:11,0
DA:12,0
DA:19,0
DA:20,0
DA:21,0
DA:22,0
DA:23,0
DA:25,0
DA:30,0
LF:12
LH:0
BRDA:22,0,0,0
BRDA:22,0,1,0
BRDA:22,1,0,0
BRDA:22,1,1,0
BRF:4
BRH:0
end_of_record
TN:
SF:lib/client/sanitize-return-path.ts
FN:3,sanitizeReturnPath
FNF:1
FNH:1
FNDA:8,sanitizeReturnPath
DA:1,1
DA:4,8
DA:5,4
DA:6,2
LF:4
LH:4
BRDA:4,0,0,4
BRDA:4,0,1,4
BRDA:4,1,0,8
BRDA:4,1,1,6
BRDA:4,1,2,5
BRDA:5,2,0,2
BRDA:5,2,1,2
BRDA:5,3,0,4
BRDA:5,3,1,3
BRF:9
BRH:9
end_of_record
TN:
SF:lib/db/index.ts
FN:14,createSql
FN:21,getSql
FN:32,getDb
FNF:3
FNH:0
FNDA:0,createSql
FNDA:0,getSql
FNDA:0,getDb
DA:10,0
DA:15,0
DA:22,0
DA:23,0
DA:24,0
DA:26,0
DA:27,0
DA:29,0
DA:33,0
DA:34,0
LF:10
LH:0
BRDA:23,0,0,0
BRDA:23,0,1,0
BRDA:26,1,0,0
BRDA:26,1,1,0
BRF:4
BRH:0
end_of_record
TN:
SF:lib/db/postgres-errors.ts
FN:2,getPgErrorCode
FNF:1
FNH:0
FNDA:0,getPgErrorCode
DA:3,0
DA:4,0
DA:5,0
DA:6,0
DA:7,0
DA:9,0
DA:14,0
LF:7
LH:0
BRDA:4,0,0,0
BRDA:4,0,1,0
BRDA:5,1,0,0
BRDA:5,1,1,0
BRDA:5,2,0,0
BRDA:5,2,1,0
BRDA:5,2,2,0
BRDA:7,3,0,0
BRDA:7,3,1,0
BRDA:10,4,0,0
BRDA:10,4,1,0
BRDA:10,5,0,0
BRDA:10,5,1,0
BRDA:10,5,2,0
BRF:14
BRH:0
end_of_record
TN:
SF:lib/db/schema.ts
FN:25,(anonymous_0)
FN:36,(anonymous_1)
FNF:2
FNH:0
FNDA:0,(anonymous_0)
FNDA:0,(anonymous_1)
DA:9,0
DA:21,0
DA:25,0
DA:32,0
DA:36,0
DA:49,0
LF:6
LH:0
BRF:0
BRH:0
end_of_record
TN:
SF:lib/db/types.ts
FNF:0
FNH:0
LF:0
LH:0
BRF:0
BRH:0
end_of_record
TN:
SF:lib/db/queries/index.ts
FNF:0
FNH:0
LF:0
LH:0
BRF:0
BRH:0
end_of_record
TN:
SF:lib/db/queries/letters.ts
FN:6,listLetterSummariesForUser
FN:28,getLetterForUser
FN:38,insertLetterForUser
FN:66,updateLetterForUser
FN:93,deleteLetterForUser
FNF:5
FNH:0
FNDA:0,listLetterSummariesForUser
FNDA:0,getLetterForUser
FNDA:0,insertLetterForUser
FNDA:0,updateLetterForUser
FNDA:0,deleteLetterForUser
DA:12,0
DA:29,0
DA:35,0
DA:48,0
DA:63,0
DA:79,0
DA:94,0
DA:99,0
LF:8
LH:0
BRDA:35,0,0,0
BRDA:35,0,1,0
BRDA:63,1,0,0
BRDA:63,1,1,0
BRDA:82,2,0,0
BRDA:82,2,1,0
BRDA:83,3,0,0
BRDA:83,3,1,0
BRDA:84,4,0,0
BRDA:84,4,1,0
BRDA:85,5,0,0
BRDA:85,5,1,0
BRDA:86,6,0,0
BRDA:86,6,1,0
BRDA:87,7,0,0
BRDA:87,7,1,0
BRF:16
BRH:0
end_of_record
TN:
SF:lib/db/queries/marketing.ts
FN:9,selectAllMarketingSections
FN:11,(anonymous_1)
FNF:2
FNH:0
FNDA:0,selectAllMarketingSections
FNDA:0,(anonymous_1)
DA:10,0
DA:11,0
LF:2
LH:0
BRF:0
BRH:0
end_of_record
TN:
SF:lib/db/queries/refresh-tokens.ts
FN:6,insertRefreshToken
FN:13,findRefreshTokenJoinUserByHash
FN:30,revokeRefreshTokenById
FN:37,revokeRefreshTokenByHash
FNF:4
FNH:0
FNDA:0,insertRefreshToken
FNDA:0,findRefreshTokenJoinUserByHash
FNDA:0,revokeRefreshTokenById
FNDA:0,revokeRefreshTokenByHash
DA:10,0
DA:14,0
DA:27,0
DA:31,0
DA:38,0
LF:5
LH:0
BRDA:27,0,0,0
BRDA:27,0,1,0
BRF:2
BRH:0
end_of_record
TN:
SF:lib/db/queries/users.ts
FN:6,findUserByEmail
FN:12,findUserById
FN:17,insertUser
FNF:3
FNH:0
FNDA:0,findUserByEmail
FNDA:0,findUserById
FNDA:0,insertUser
DA:7,0
DA:8,0
DA:9,0
DA:13,0
DA:14,0
DA:26,0
DA:36,0
LF:7
LH:0
BRDA:9,0,0,0
BRDA:9,0,1,0
BRDA:14,1,0,0
BRDA:14,1,1,0
BRDA:32,2,0,0
BRDA:32,2,1,0
BRDA:36,3,0,0
BRDA:36,3,1,0
BRF:8
BRH:0
end_of_record
TN:
SF:lib/gemini/gemini-model-chain.ts
FN:12,resolveGeminiModelChain
FN:16,(anonymous_1)
FN:20,(anonymous_2)
FNF:3
FNH:0
FNDA:0,resolveGeminiModelChain
FNDA:0,(anonymous_1)
FNDA:0,(anonymous_2)
DA:2,0
DA:13,0
DA:15,0
DA:16,0
DA:19,0
DA:20,0
DA:21,0
DA:24,0
DA:25,0
DA:26,0
DA:28,0
LF:11
LH:0
BRDA:15,0,0,0
BRDA:15,0,1,0
BRDA:21,1,0,0
BRDA:21,1,1,0
BRDA:21,2,0,0
BRDA:21,2,1,0
BRDA:24,3,0,0
BRDA:24,3,1,0
BRF:8
BRH:0
end_of_record
TN:
SF:lib/gemini/generate-letter.ts
FN:15,stripJsonFence
FN:23,shouldTryNextGeminiModel
FN:40,generateLetterWithGemini
FNF:3
FNH:0
FNDA:0,stripJsonFence
FNDA:0,shouldTryNextGeminiModel
FNDA:0,generateLetterWithGemini
DA:10,0
DA:16,0
DA:17,0
DA:18,0
DA:20,0
DA:24,0
DA:25,0
DA:26,0
DA:27,0
DA:28,0
DA:30,0
DA:31,0
DA:43,0
DA:44,0
DA:47,0
DA:48,0
DA:49,0
DA:52,0
DA:54,0
DA:55,0
DA:57,0
DA:61,0
DA:65,0
DA:90,0
DA:95,0
DA:130,0
DA:159,0
DA:176,0
DA:194,0
DA:214,0
DA:216,0
DA:217,0
DA:218,0
DA:219,0
DA:220,0
DA:227,0
DA:228,0
DA:229,0
DA:231,0
DA:232,0
DA:234,0
DA:235,0
DA:236,0
DA:237,0
DA:241,0
DA:242,0
DA:246,0
DA:247,0
DA:249,0
DA:252,0
DA:253,0
DA:254,0
DA:257,0
LF:53
LH:0
BRDA:17,0,0,0
BRDA:17,0,1,0
BRDA:24,1,0,0
BRDA:24,1,1,0
BRDA:24,2,0,0
BRDA:24,2,1,0
BRDA:26,3,0,0
BRDA:26,3,1,0
BRDA:26,4,0,0
BRDA:26,4,1,0
BRDA:26,4,2,0
BRDA:27,5,0,0
BRDA:27,5,1,0
BRDA:30,6,0,0
BRDA:30,6,1,0
BRDA:32,7,0,0
BRDA:32,7,1,0
BRDA:32,7,2,0
BRDA:32,7,3,0
BRDA:32,7,4,0
BRDA:43,8,0,0
BRDA:43,8,1,0
BRDA:48,9,0,0
BRDA:48,9,1,0
BRDA:57,10,0,0
BRDA:57,10,1,0
BRDA:61,11,0,0
BRDA:61,11,1,0
BRDA:65,12,0,0
BRDA:65,12,1,0
BRDA:90,13,0,0
BRDA:90,13,1,0
BRDA:95,14,0,0
BRDA:95,14,1,0
BRDA:96,15,0,0
BRDA:96,15,1,0
BRDA:130,16,0,0
BRDA:130,16,1,0
BRDA:131,17,0,0
BRDA:131,17,1,0
BRDA:159,18,0,0
BRDA:159,18,1,0
BRDA:160,19,0,0
BRDA:160,19,1,0
BRDA:176,20,0,0
BRDA:176,20,1,0
BRDA:177,21,0,0
BRDA:177,21,1,0
BRDA:228,22,0,0
BRDA:228,22,1,0
BRDA:228,23,0,0
BRDA:228,23,1,0
BRDA:234,24,0,0
BRDA:234,24,1,0
BRDA:236,25,0,0
BRDA:236,25,1,0
BRDA:236,26,0,0
BRDA:236,26,1,0
BRDA:241,27,0,0
BRDA:241,27,1,0
BRDA:253,28,0,0
BRDA:253,28,1,0
BRF:62
BRH:0
end_of_record
TN:
SF:lib/http/api-error.ts
FN:2,(anonymous_0)
FNF:1
FNH:0
FNDA:0,(anonymous_0)
DA:3,0
DA:4,0
DA:7,0
DA:8,0
LF:4
LH:0
BRF:0
BRH:0
end_of_record
TN:
SF:lib/http/route-error.ts
FN:5,toErrorResponse
FNF:1
FNH:0
FNDA:0,toErrorResponse
DA:6,0
DA:7,0
DA:13,0
DA:14,0
LF:4
LH:0
BRDA:6,0,0,0
BRDA:6,0,1,0
BRF:2
BRH:0
end_of_record
TN:
SF:lib/http/zod-error.ts
FN:4,zodErrorResponse
FNF:1
FNH:0
FNDA:0,zodErrorResponse
DA:5,0
LF:1
LH:0
BRF:0
BRH:0
end_of_record
TN:
SF:lib/letter/gemini-letter-structure.ts
FN:117,geminiLetterStructureInstructions
FNF:1
FNH:0
FNDA:0,geminiLetterStructureInstructions
DA:6,0
DA:118,0
LF:2
LH:0
BRF:0
BRH:0
end_of_record
TN:
SF:lib/letter/indonesian-templates.ts
FN:20,formatLetterHeaderDateLocalized
FN:32,formatLetterHeaderDate
FN:37,inferRecipientSalutation
FN:67,toneOpeningParagraph
FN:78,toneClosingParagraph
FN:89,recipientBlock
FN:93,recipientBlockForIzin
FN:97,closingSignatureWithTone
FN:101,generateLetterPreview
FNF:9
FNH:0
FNDA:0,formatLetterHeaderDateLocalized
FNDA:0,formatLetterHeaderDate
FNDA:0,inferRecipientSalutation
FNDA:0,toneOpeningParagraph
FNDA:0,toneClosingParagraph
FNDA:0,recipientBlock
FNDA:0,recipientBlockForIzin
FNDA:0,closingSignatureWithTone
FNDA:0,generateLetterPreview
DA:11,0
DA:24,0
DA:29,0
DA:33,0
DA:38,0
DA:39,0
DA:41,0
DA:42,0
DA:45,0
DA:46,0
DA:49,0
DA:51,0
DA:54,0
DA:57,0
DA:58,0
DA:63,0
DA:68,0
DA:70,0
DA:72,0
DA:74,0
DA:79,0
DA:81,0
DA:83,0
DA:85,0
DA:90,0
DA:94,0
DA:98,0
DA:102,0
DA:103,0
DA:104,0
DA:106,0
DA:109,0
DA:110,0
DA:111,0
DA:112,0
DA:113,0
DA:114,0
DA:116,0
DA:117,0
DA:119,0
DA:120,0
DA:122,0
DA:143,0
DA:147,0
DA:148,0
DA:149,0
DA:150,0
DA:157,0
DA:163,0
DA:164,0
DA:166,0
DA:172,0
DA:184,0
DA:188,0
DA:189,0
DA:190,0
DA:191,0
DA:210,0
DA:214,0
DA:216,0
DA:217,0
DA:218,0
DA:220,0
DA:223,0
DA:224,0
DA:225,0
DA:226,0
DA:229,0
DA:234,0
DA:255,0
DA:259,0
DA:260,0
DA:261,0
DA:262,0
DA:264,0
DA:267,0
DA:268,0
DA:269,0
DA:271,0
DA:276,0
DA:277,0
DA:278,0
DA:280,0
DA:281,0
DA:283,0
DA:314,0
LF:86
LH:0
BRDA:21,0,0,0
BRDA:22,1,0,0
BRDA:24,2,0,0
BRDA:24,2,1,0
BRDA:32,3,0,0
BRDA:41,4,0,0
BRDA:41,4,1,0
BRDA:45,5,0,0
BRDA:45,5,1,0
BRDA:49,6,0,0
BRDA:49,6,1,0
BRDA:54,7,0,0
BRDA:54,7,1,0
BRDA:57,8,0,0
BRDA:57,8,1,0
BRDA:58,9,0,0
BRDA:58,9,1,0
BRDA:58,10,0,0
BRDA:58,10,1,0
BRDA:68,11,0,0
BRDA:68,11,1,0
BRDA:68,11,2,0
BRDA:79,12,0,0
BRDA:79,12,1,0
BRDA:79,12,2,0
BRDA:106,13,0,0
BRDA:106,13,1,0
BRDA:106,13,2,0
BRDA:106,13,3,0
BRDA:106,13,4,0
BRDA:113,14,0,0
BRDA:113,14,1,0
BRDA:116,15,0,0
BRDA:116,15,1,0
BRDA:119,16,0,0
BRDA:119,16,1,0
BRDA:119,17,0,0
BRDA:119,17,1,0
BRDA:163,18,0,0
BRDA:163,18,1,0
BRDA:220,19,0,0
BRDA:220,19,1,0
BRDA:225,20,0,0
BRDA:225,20,1,0
BRDA:229,21,0,0
BRDA:229,21,1,0
BRDA:229,22,0,0
BRDA:229,22,1,0
BRDA:231,23,0,0
BRDA:231,23,1,0
BRDA:247,24,0,0
BRDA:247,24,1,0
BRDA:248,25,0,0
BRDA:248,25,1,0
BRDA:249,26,0,0
BRDA:249,26,1,0
BRDA:252,27,0,0
BRDA:252,27,1,0
BRDA:262,28,0,0
BRDA:262,28,1,0
BRDA:264,29,0,0
BRDA:264,29,1,0
BRDA:269,30,0,0
BRDA:269,30,1,0
BRDA:271,31,0,0
BRDA:271,31,1,0
BRDA:273,32,0,0
BRDA:273,32,1,0
BRDA:274,33,0,0
BRDA:274,33,1,0
BRDA:277,34,0,0
BRDA:277,34,1,0
BRDA:280,35,0,0
BRDA:280,35,1,0
BRDA:294,36,0,0
BRDA:294,36,1,0
BRDA:296,37,0,0
BRDA:296,37,1,0
BRDA:297,38,0,0
BRDA:297,38,1,0
BRDA:298,39,0,0
BRDA:298,39,1,0
BRDA:298,40,0,0
BRDA:298,40,1,0
BRDA:307,41,0,0
BRDA:307,41,1,0
BRDA:308,42,0,0
BRDA:308,42,1,0
BRDA:311,43,0,0
BRDA:311,43,1,0
BRF:90
BRH:0
end_of_record
TN:
SF:lib/letter/izin-dates.ts
FN:6,parseIzinIsoDate
FN:14,formatIzinDayIndonesian
FN:21,formatIzinDateRangeForLetter
FN:35,areIzinDatesComplete
FNF:4
FNH:4
FNDA:16,parseIzinIsoDate
FNDA:7,formatIzinDayIndonesian
FNDA:2,formatIzinDateRangeForLetter
FNDA:3,areIzinDatesComplete
DA:4,2
DA:7,16
DA:8,16
DA:9,16
DA:10,12
DA:11,12
DA:15,7
DA:16,7
DA:17,6
DA:22,2
DA:23,2
DA:24,2
DA:25,2
DA:26,2
DA:27,2
DA:28,1
DA:30,0
DA:31,0
DA:32,0
DA:36,3
DA:37,3
DA:38,3
DA:39,2
LF:23
LH:20
BRDA:7,0,0,0
BRDA:7,0,1,16
BRDA:9,1,0,4
BRDA:9,1,1,12
BRDA:11,2,0,12
BRDA:11,2,1,0
BRDA:16,3,0,1
BRDA:16,3,1,6
BRDA:24,4,0,2
BRDA:24,4,1,0
BRDA:24,5,0,2
BRDA:24,5,1,2
BRDA:25,6,0,2
BRDA:25,6,1,0
BRDA:26,7,0,2
BRDA:26,7,1,0
BRDA:27,8,0,1
BRDA:27,8,1,1
BRDA:30,9,0,0
BRDA:30,9,1,0
BRDA:31,10,0,0
BRDA:31,10,1,0
BRDA:38,11,0,1
BRDA:38,11,1,2
BRDA:38,12,0,3
BRDA:38,12,1,2
BRF:26
BRH:17
end_of_record
TN:
SF:lib/letter/izin-leave-copy.ts
FN:12,(anonymous_0)
FN:17,labelIzinLeaveType
FNF:2
FNH:0
FNDA:0,(anonymous_0)
FNDA:0,labelIzinLeaveType
DA:4,0
DA:12,0
DA:18,0
DA:19,0
LF:4
LH:0
BRDA:18,0,0,0
BRDA:18,0,1,0
BRDA:19,1,0,0
BRDA:19,1,1,0
BRF:4
BRH:0
end_of_record
TN:
SF:lib/letter/letter-presentation.ts
FN:10,looksLikeLetterDateLine
FN:16,extractCityFromDateLine
FN:24,replaceFirstDateInLetterLines
FN:28,(anonymous_3)
FN:47,halTitleForKind
FN:60,removeEmailLabelLinesFromLines
FN:61,(anonymous_6)
FN:65,(anonymous_7)
FN:71,replaceFirstDateInFlatLines
FNF:9
FNH:0
FNDA:0,looksLikeLetterDateLine
FNDA:0,extractCityFromDateLine
FNDA:0,replaceFirstDateInLetterLines
FNDA:0,(anonymous_3)
FNDA:0,halTitleForKind
FNDA:0,removeEmailLabelLinesFromLines
FNDA:0,(anonymous_6)
FNDA:0,(anonymous_7)
FNDA:0,replaceFirstDateInFlatLines
DA:11,0
DA:12,0
DA:13,0
DA:17,0
DA:18,0
DA:19,0
DA:20,0
DA:28,0
DA:29,0
DA:30,0
DA:31,0
DA:32,0
DA:33,0
DA:34,0
DA:35,0
DA:36,0
DA:37,0
DA:38,0
DA:39,0
DA:43,0
DA:52,0
DA:53,0
DA:54,0
DA:55,0
DA:56,0
DA:61,0
DA:62,0
DA:63,0
DA:65,0
DA:75,0
DA:76,0
DA:77,0
DA:78,0
DA:79,0
DA:80,0
DA:81,0
DA:82,0
DA:85,0
LF:38
LH:0
BRDA:12,0,0,0
BRDA:12,0,1,0
BRDA:18,1,0,0
BRDA:18,1,1,0
BRDA:20,2,0,0
BRDA:20,2,1,0
BRDA:26,3,0,0
BRDA:31,4,0,0
BRDA:31,4,1,0
BRDA:31,5,0,0
BRDA:31,5,1,0
BRDA:35,6,0,0
BRDA:35,6,1,0
BRDA:35,7,0,0
BRDA:35,7,1,0
BRDA:36,8,0,0
BRDA:36,8,1,0
BRDA:50,9,0,0
BRDA:52,10,0,0
BRDA:52,10,1,0
BRDA:52,11,0,0
BRDA:52,11,1,0
BRDA:53,12,0,0
BRDA:53,12,1,0
BRDA:53,13,0,0
BRDA:53,13,1,0
BRDA:54,14,0,0
BRDA:54,14,1,0
BRDA:54,15,0,0
BRDA:54,15,1,0
BRDA:55,16,0,0
BRDA:55,16,1,0
BRDA:55,17,0,0
BRDA:55,17,1,0
BRDA:62,18,0,0
BRDA:62,18,1,0
BRDA:62,19,0,0
BRDA:62,19,1,0
BRDA:73,20,0,0
BRDA:78,21,0,0
BRDA:78,21,1,0
BRDA:79,22,0,0
BRDA:79,22,1,0
BRDA:80,23,0,0
BRDA:80,23,1,0
BRF:45
BRH:0
end_of_record
TN:
SF:lib/letter/pengaduan-copy.ts
FN:37,labelPengaduanProblem
FN:38,(anonymous_1)
FN:41,labelPengaduanOutcome
FN:42,(anonymous_3)
FN:45,labelPengaduanUrgency
FN:46,(anonymous_5)
FNF:6
FNH:0
FNDA:0,labelPengaduanProblem
FNDA:0,(anonymous_1)
FNDA:0,labelPengaduanOutcome
FNDA:0,(anonymous_3)
FNDA:0,labelPengaduanUrgency
FNDA:0,(anonymous_5)
DA:8,0
DA:17,0
DA:26,0
DA:32,0
DA:38,0
DA:42,0
DA:46,0
LF:7
LH:0
BRDA:38,0,0,0
BRDA:38,0,1,0
BRDA:42,1,0,0
BRDA:42,1,1,0
BRDA:46,2,0,0
BRDA:46,2,1,0
BRF:6
BRH:0
end_of_record
TN:
SF:lib/marketing/get-home-content.ts
FN:13,rowsToMergeRecord
FN:23,getHomePageContent
FNF:2
FNH:0
FNDA:0,rowsToMergeRecord
FNDA:0,getHomePageContent
DA:14,0
DA:15,0
DA:16,0
DA:17,0
DA:19,0
DA:24,0
DA:26,0
DA:27,0
DA:28,0
DA:29,0
DA:34,0
DA:35,0
LF:12
LH:0
BRDA:16,0,0,0
BRDA:16,0,1,0
BRF:2
BRH:0
end_of_record
TN:
SF:lib/marketing/hydrate-home.ts
FN:11,letterTypesActiveOnly
FN:12,(anonymous_1)
FN:26,isRecord
FN:30,coerceIconItems
FN:44,coerceStepsNumbered
FN:58,coerceStepsIcon
FN:72,coercePricing
FN:87,(anonymous_7)
FN:108,coerceHero
FN:118,mergeSerializedHome
FN:126,(anonymous_10)
FN:136,hydrateHomeMarketing
FN:139,(anonymous_12)
FN:145,(anonymous_13)
FN:150,(anonymous_14)
FN:155,(anonymous_15)
FNF:16
FNH:0
FNDA:0,letterTypesActiveOnly
FNDA:0,(anonymous_1)
FNDA:0,isRecord
FNDA:0,coerceIconItems
FNDA:0,coerceStepsNumbered
FNDA:0,coerceStepsIcon
FNDA:0,coercePricing
FNDA:0,(anonymous_7)
FNDA:0,coerceHero
FNDA:0,mergeSerializedHome
FNDA:0,(anonymous_10)
FNDA:0,hydrateHomeMarketing
FNDA:0,(anonymous_12)
FNDA:0,(anonymous_13)
FNDA:0,(anonymous_14)
FNDA:0,(anonymous_15)
DA:12,0
DA:27,0
DA:31,0
DA:32,0
DA:33,0
DA:34,0
DA:35,0
DA:36,0
DA:37,0
DA:38,0
DA:39,0
DA:41,0
DA:45,0
DA:46,0
DA:47,0
DA:48,0
DA:49,0
DA:50,0
DA:51,0
DA:52,0
DA:53,0
DA:55,0
DA:59,0
DA:60,0
DA:61,0
DA:62,0
DA:63,0
DA:64,0
DA:65,0
DA:66,0
DA:67,0
DA:69,0
DA:73,0
DA:74,0
DA:75,0
DA:76,0
DA:77,0
DA:78,0
DA:79,0
DA:80,0
DA:81,0
DA:82,0
DA:84,0
DA:85,0
DA:86,0
DA:88,0
DA:90,0
DA:91,0
DA:92,0
DA:93,0
DA:105,0
DA:109,0
DA:110,0
DA:121,0
DA:122,0
DA:127,0
DA:128,0
DA:137,0
DA:139,0
DA:145,0
DA:150,0
DA:155,0
LF:62
LH:0
BRDA:27,0,0,0
BRDA:27,0,1,0
BRDA:27,0,2,0
BRDA:31,1,0,0
BRDA:31,1,1,0
BRDA:34,2,0,0
BRDA:34,2,1,0
BRDA:35,3,0,0
BRDA:35,3,1,0
BRDA:36,4,0,0
BRDA:36,4,1,0
BRDA:37,5,0,0
BRDA:37,5,1,0
BRDA:38,6,0,0
BRDA:38,6,1,0
BRDA:41,7,0,0
BRDA:41,7,1,0
BRDA:45,8,0,0
BRDA:45,8,1,0
BRDA:48,9,0,0
BRDA:48,9,1,0
BRDA:48,10,0,0
BRDA:48,10,1,0
BRDA:49,11,0,0
BRDA:49,11,1,0
BRDA:50,12,0,0
BRDA:50,12,1,0
BRDA:51,13,0,0
BRDA:51,13,1,0
BRDA:52,14,0,0
BRDA:52,14,1,0
BRDA:55,15,0,0
BRDA:55,15,1,0
BRDA:59,16,0,0
BRDA:59,16,1,0
BRDA:62,17,0,0
BRDA:62,17,1,0
BRDA:62,18,0,0
BRDA:62,18,1,0
BRDA:63,19,0,0
BRDA:63,19,1,0
BRDA:64,20,0,0
BRDA:64,20,1,0
BRDA:65,21,0,0
BRDA:65,21,1,0
BRDA:66,22,0,0
BRDA:66,22,1,0
BRDA:69,23,0,0
BRDA:69,23,1,0
BRDA:73,24,0,0
BRDA:73,24,1,0
BRDA:76,25,0,0
BRDA:76,25,1,0
BRDA:78,26,0,0
BRDA:78,26,1,0
BRDA:78,27,0,0
BRDA:78,27,1,0
BRDA:78,27,2,0
BRDA:79,28,0,0
BRDA:79,28,1,0
BRDA:80,29,0,0
BRDA:80,29,1,0
BRDA:81,30,0,0
BRDA:81,30,1,0
BRDA:82,31,0,0
BRDA:82,31,1,0
BRDA:84,32,0,0
BRDA:84,32,1,0
BRDA:85,33,0,0
BRDA:85,33,1,0
BRDA:88,34,0,0
BRDA:88,34,1,0
BRDA:88,34,2,0
BRDA:90,35,0,0
BRDA:90,35,1,0
BRDA:91,36,0,0
BRDA:91,36,1,0
BRDA:92,37,0,0
BRDA:92,37,1,0
BRDA:92,38,0,0
BRDA:92,38,1,0
BRDA:92,38,2,0
BRDA:105,39,0,0
BRDA:105,39,1,0
BRDA:109,40,0,0
BRDA:109,40,1,0
BRDA:111,41,0,0
BRDA:111,41,1,0
BRDA:112,42,0,0
BRDA:112,42,1,0
BRDA:113,43,0,0
BRDA:113,43,1,0
BRDA:114,44,0,0
BRDA:114,44,1,0
BRDA:128,45,0,0
BRDA:128,45,1,0
BRF:96
BRH:0
end_of_record
TN:
SF:lib/marketing/icon-registry.ts
FN:42,landingIconOrFallback
FNF:1
FNH:0
FNDA:0,landingIconOrFallback
DA:22,0
DA:43,0
LF:2
LH:0
BRDA:43,0,0,0
BRDA:43,0,1,0
BRF:2
BRH:0
end_of_record
TN:
SF:lib/marketing/serialized-home.ts
FNF:0
FNH:0
DA:60,0
DA:73,0
LF:2
LH:0
BRF:0
BRH:0
end_of_record
TN:
SF:lib/pdf/generate-letter-pdf.ts
FN:29,flattenLetterLines
FN:44,lineStartsClosingLead
FN:56,isPerihalLine
FN:66,isSalutationLine
FN:71,splitFlatIntoChunks
FN:88,findClosingChunkIndex
FN:90,(anonymous_6)
FN:95,wrapTextLine
FN:103,(anonymous_8)
FN:141,packWordsIntoLines
FN:147,(anonymous_10)
FN:192,drawJustifiedWordsLine
FN:208,(anonymous_12)
FN:210,(anonymous_13)
FN:230,ensureSpace
FN:234,generateLetterPdfBytes
FN:259,(anonymous_16)
FN:267,(anonymous_17)
FN:284,(anonymous_18)
FN:302,(anonymous_19)
FN:351,(anonymous_20)
FN:355,(anonymous_21)
FN:362,(anonymous_22)
FN:370,(anonymous_23)
FN:406,(anonymous_24)
FNF:25
FNH:0
FNDA:0,flattenLetterLines
FNDA:0,lineStartsClosingLead
FNDA:0,isPerihalLine
FNDA:0,isSalutationLine
FNDA:0,splitFlatIntoChunks
FNDA:0,findClosingChunkIndex
FNDA:0,(anonymous_6)
FNDA:0,wrapTextLine
FNDA:0,(anonymous_8)
FNDA:0,packWordsIntoLines
FNDA:0,(anonymous_10)
FNDA:0,drawJustifiedWordsLine
FNDA:0,(anonymous_12)
FNDA:0,(anonymous_13)
FNDA:0,ensureSpace
FNDA:0,generateLetterPdfBytes
FNDA:0,(anonymous_16)
FNDA:0,(anonymous_17)
FNDA:0,(anonymous_18)
FNDA:0,(anonymous_19)
FNDA:0,(anonymous_20)
FNDA:0,(anonymous_21)
FNDA:0,(anonymous_22)
FNDA:0,(anonymous_23)
FNDA:0,(anonymous_24)
DA:12,0
DA:13,0
DA:14,0
DA:15,0
DA:17,0
DA:19,0
DA:21,0
DA:23,0
DA:25,0
DA:26,0
DA:27,0
DA:30,0
DA:31,0
DA:32,0
DA:33,0
DA:34,0
DA:36,0
DA:37,0
DA:38,0
DA:41,0
DA:45,0
DA:46,0
DA:57,0
DA:58,0
DA:67,0
DA:68,0
DA:72,0
DA:73,0
DA:74,0
DA:75,0
DA:76,0
DA:77,0
DA:78,0
DA:81,0
DA:84,0
DA:85,0
DA:89,0
DA:90,0
DA:92,0
DA:96,0
DA:97,0
DA:99,0
DA:100,0
DA:101,0
DA:103,0
DA:104,0
DA:105,0
DA:106,0
DA:110,0
DA:111,0
DA:112,0
DA:113,0
DA:114,0
DA:117,0
DA:119,0
DA:120,0
DA:121,0
DA:124,0
DA:125,0
DA:126,0
DA:127,0
DA:128,0
DA:130,0
DA:131,0
DA:134,0
DA:137,0
DA:138,0
DA:142,0
DA:143,0
DA:144,0
DA:145,0
DA:147,0
DA:148,0
DA:149,0
DA:150,0
DA:151,0
DA:155,0
DA:156,0
DA:157,0
DA:158,0
DA:159,0
DA:160,0
DA:162,0
DA:163,0
DA:164,0
DA:165,0
DA:167,0
DA:168,0
DA:169,0
DA:170,0
DA:171,0
DA:173,0
DA:174,0
DA:175,0
DA:177,0
DA:181,0
DA:182,0
DA:183,0
DA:188,0
DA:189,0
DA:202,0
DA:203,0
DA:204,0
DA:205,0
DA:207,0
DA:208,0
DA:210,0
DA:211,0
DA:212,0
DA:213,0
DA:214,0
DA:215,0
DA:216,0
DA:217,0
DA:218,0
DA:231,0
DA:240,0
DA:241,0
DA:242,0
DA:243,0
DA:244,0
DA:246,0
DA:247,0
DA:248,0
DA:249,0
DA:251,0
DA:259,0
DA:260,0
DA:261,0
DA:262,0
DA:263,0
DA:264,0
DA:267,0
DA:268,0
DA:269,0
DA:270,0
DA:271,0
DA:272,0
DA:279,0
DA:281,0
DA:284,0
DA:285,0
DA:286,0
DA:287,0
DA:288,0
DA:289,0
DA:290,0
DA:297,0
DA:299,0
DA:302,0
DA:303,0
DA:304,0
DA:306,0
DA:308,0
DA:309,0
DA:310,0
DA:312,0
DA:313,0
DA:314,0
DA:315,0
DA:316,0
DA:317,0
DA:324,0
DA:327,0
DA:328,0
DA:338,0
DA:341,0
DA:344,0
DA:346,0
DA:347,0
DA:348,0
DA:349,0
DA:351,0
DA:352,0
DA:353,0
DA:354,0
DA:355,0
DA:357,0
DA:358,0
DA:359,0
DA:362,0
DA:363,0
DA:364,0
DA:366,0
DA:367,0
DA:370,0
DA:371,0
DA:373,0
DA:384,0
DA:385,0
DA:386,0
DA:387,0
DA:389,0
DA:390,0
DA:393,0
DA:394,0
DA:395,0
DA:398,0
DA:399,0
DA:401,0
DA:406,0
DA:407,0
DA:408,0
DA:409,0
DA:410,0
DA:411,0
DA:413,0
DA:417,0
DA:418,0
DA:419,0
DA:421,0
DA:424,0
LF:212
LH:0
BRDA:32,0,0,0
BRDA:32,0,1,0
BRDA:47,1,0,0
BRDA:47,1,1,0
BRDA:47,1,2,0
BRDA:47,1,3,0
BRDA:47,1,4,0
BRDA:47,1,5,0
BRDA:59,2,0,0
BRDA:59,2,1,0
BRDA:59,2,2,0
BRDA:59,2,3,0
BRDA:68,3,0,0
BRDA:68,3,1,0
BRDA:75,4,0,0
BRDA:75,4,1,0
BRDA:76,5,0,0
BRDA:76,5,1,0
BRDA:84,6,0,0
BRDA:84,6,1,0
BRDA:90,7,0,0
BRDA:90,7,1,0
BRDA:97,8,0,0
BRDA:97,8,1,0
BRDA:104,9,0,0
BRDA:104,9,1,0
BRDA:111,10,0,0
BRDA:111,10,1,0
BRDA:112,11,0,0
BRDA:112,11,1,0
BRDA:119,12,0,0
BRDA:119,12,1,0
BRDA:127,13,0,0
BRDA:127,13,1,0
BRDA:130,14,0,0
BRDA:130,14,1,0
BRDA:138,15,0,0
BRDA:138,15,1,0
BRDA:148,16,0,0
BRDA:148,16,1,0
BRDA:157,17,0,0
BRDA:157,17,1,0
BRDA:158,18,0,0
BRDA:158,18,1,0
BRDA:163,19,0,0
BRDA:163,19,1,0
BRDA:170,20,0,0
BRDA:170,20,1,0
BRDA:173,21,0,0
BRDA:173,21,1,0
BRDA:181,22,0,0
BRDA:181,22,1,0
BRDA:202,23,0,0
BRDA:202,23,1,0
BRDA:203,24,0,0
BRDA:203,24,1,0
BRDA:213,25,0,0
BRDA:213,25,1,0
BRDA:218,26,0,0
BRDA:218,26,1,0
BRDA:231,27,0,0
BRDA:231,27,1,0
BRDA:240,28,0,0
BRDA:240,28,1,0
BRDA:267,29,0,0
BRDA:268,30,0,0
BRDA:268,30,1,0
BRDA:284,31,0,0
BRDA:285,32,0,0
BRDA:285,32,1,0
BRDA:302,33,0,0
BRDA:304,34,0,0
BRDA:304,34,1,0
BRDA:312,35,0,0
BRDA:312,35,1,0
BRDA:312,36,0,0
BRDA:312,36,1,0
BRDA:353,37,0,0
BRDA:353,37,1,0
BRDA:357,38,0,0
BRDA:357,38,1,0
BRDA:357,39,0,0
BRDA:357,39,1,0
BRDA:362,40,0,0
BRDA:362,40,1,0
BRDA:373,41,0,0
BRDA:373,41,1,0
BRDA:373,41,2,0
BRDA:373,41,3,0
BRDA:373,41,4,0
BRDA:373,41,5,0
BRDA:373,41,6,0
BRDA:373,41,7,0
BRDA:373,41,8,0
BRDA:373,41,9,0
BRDA:385,42,0,0
BRDA:385,42,1,0
BRDA:385,43,0,0
BRDA:385,43,1,0
BRDA:385,43,2,0
BRDA:385,43,3,0
BRDA:385,43,4,0
BRDA:393,44,0,0
BRDA:393,44,1,0
BRDA:398,45,0,0
BRDA:398,45,1,0
BRDA:410,46,0,0
BRDA:410,46,1,0
BRDA:417,47,0,0
BRDA:417,47,1,0
BRF:110
BRH:0
end_of_record
TN:
SF:lib/pdf/letter-pdf-filename.ts
FN:12,sanitizeFilenamePart
FN:18,buildLetterPdfFilename
FN:25,pdfAttachmentContentDisposition
FNF:3
FNH:0
FNDA:0,sanitizeFilenamePart
FNDA:0,buildLetterPdfFilename
FNDA:0,pdfAttachmentContentDisposition
DA:4,0
DA:13,0
DA:14,0
DA:19,0
DA:20,0
DA:21,0
DA:26,0
DA:27,0
DA:28,0
LF:9
LH:0
BRDA:14,0,0,0
BRDA:14,0,1,0
BRF:2
BRH:0
end_of_record
TN:
SF:lib/validation/letter-draft.ts
FN:15,bounded
FN:52,(anonymous_1)
FN:69,(anonymous_2)
FN:77,(anonymous_3)
FN:87,(anonymous_4)
FN:131,(anonymous_5)
FN:149,(anonymous_6)
FNF:7
FNH:2
FNDA:35,bounded
FNDA:0,(anonymous_1)
FNDA:0,(anonymous_2)
FNDA:0,(anonymous_3)
FNDA:0,(anonymous_4)
FNDA:0,(anonymous_5)
FNDA:2,(anonymous_6)
DA:13,1
DA:16,35
DA:19,1
DA:52,0
DA:69,0
DA:77,0
DA:86,1
DA:88,0
DA:89,0
DA:90,0
DA:92,0
DA:93,0
DA:101,1
DA:109,1
DA:115,1
DA:120,1
DA:124,1
DA:126,1
DA:132,0
DA:133,0
DA:141,1
DA:149,2
LF:22
LH:12
BRDA:52,0,0,0
BRDA:52,0,1,0
BRDA:69,1,0,0
BRDA:69,1,1,0
BRDA:77,2,0,0
BRDA:77,2,1,0
BRDA:88,3,0,0
BRDA:88,3,1,0
BRDA:92,4,0,0
BRDA:92,4,1,0
BRDA:132,5,0,0
BRDA:132,5,1,0
BRF:12
BRH:0
end_of_record
TN:
SF:lib/validation/letter-pdf-export.ts
FN:16,(anonymous_0)
FN:17,(anonymous_1)
FNF:2
FNH:0
FNDA:0,(anonymous_0)
FNDA:0,(anonymous_1)
DA:5,0
DA:6,0
DA:8,0
DA:17,0
DA:18,0
DA:19,0
LF:6
LH:0
BRDA:18,0,0,0
BRDA:18,0,1,0
BRF:2
BRH:0
end_of_record
